2026-06-15 04:43:52 +00:00: error: unrecognized subcommand '/home/tejas_acharya/.local/bin/uv'
2026-06-15 04:43:52 +00:00: 
2026-06-15 04:43:52 +00:00: Usage: uv [OPTIONS] <COMMAND>
2026-06-15 04:43:52 +00:00: 
2026-06-15 04:43:52 +00:00: For more information, try '--help'.
2026-06-15 04:43:57 +00:00: error: unrecognized subcommand '/home/tejas_acharya/.local/bin/uv'
2026-06-15 04:43:57 +00:00: 
2026-06-15 04:43:57 +00:00: Usage: uv [OPTIONS] <COMMAND>
2026-06-15 04:43:57 +00:00: 
2026-06-15 04:43:57 +00:00: For more information, try '--help'.
2026-06-15 04:44:02 +00:00: error: unrecognized subcommand '/home/tejas_acharya/.local/bin/uv'
2026-06-15 04:44:02 +00:00: 
2026-06-15 04:44:02 +00:00: Usage: uv [OPTIONS] <COMMAND>
2026-06-15 04:44:02 +00:00: 
2026-06-15 04:44:02 +00:00: For more information, try '--help'.
2026-06-15 04:44:07 +00:00: error: unrecognized subcommand '/home/tejas_acharya/.local/bin/uv'
2026-06-15 04:44:07 +00:00: 
2026-06-15 04:44:07 +00:00: Usage: uv [OPTIONS] <COMMAND>
2026-06-15 04:44:07 +00:00: 
2026-06-15 04:44:07 +00:00: For more information, try '--help'.
2026-06-15 04:44:12 +00:00: error: unrecognized subcommand '/home/tejas_acharya/.local/bin/uv'
2026-06-15 04:44:12 +00:00: 
2026-06-15 04:44:12 +00:00: Usage: uv [OPTIONS] <COMMAND>
2026-06-15 04:44:12 +00:00: 
2026-06-15 04:44:12 +00:00: For more information, try '--help'.
2026-06-15 04:44:17 +00:00: error: unrecognized subcommand '/home/tejas_acharya/.local/bin/uv'
2026-06-15 04:44:17 +00:00: 
2026-06-15 04:44:17 +00:00: Usage: uv [OPTIONS] <COMMAND>
2026-06-15 04:44:17 +00:00: 
2026-06-15 04:44:17 +00:00: For more information, try '--help'.
2026-06-15 04:44:22 +00:00: error: unrecognized subcommand '/home/tejas_acharya/.local/bin/uv'
2026-06-15 04:44:22 +00:00: 
2026-06-15 04:44:22 +00:00: Usage: uv [OPTIONS] <COMMAND>
2026-06-15 04:44:22 +00:00: 
2026-06-15 04:44:22 +00:00: For more information, try '--help'.
2026-06-15 04:44:27 +00:00: error: unrecognized subcommand '/home/tejas_acharya/.local/bin/uv'
2026-06-15 04:44:27 +00:00: 
2026-06-15 04:44:27 +00:00: Usage: uv [OPTIONS] <COMMAND>
2026-06-15 04:44:27 +00:00: 
2026-06-15 04:44:27 +00:00: For more information, try '--help'.
2026-06-15 04:44:32 +00:00: error: unrecognized subcommand '/home/tejas_acharya/.local/bin/uv'
2026-06-15 04:44:32 +00:00: 
2026-06-15 04:44:32 +00:00: 
2026-06-15 04:44:32 +00:00: 
2026-06-15 04:44:32 +00:00: For more information, try '--help'.
2026-06-15 04:44:37 +00:00: error: unrecognized subcommand '/home/tejas_acharya/.local/bin/uv'
2026-06-15 04:44:37 +00:00: 
2026-06-15 04:44:37 +00:00: Usage: uv [OPTIONS] <COMMAND>
2026-06-15 04:44:37 +00:00: 
2026-06-15 04:44:37 +00:00: For more information, try '--help'.
2026-06-15 04:44:42 +00:00: error: unrecognized subcommand '/home/tejas_acharya/.local/bin/uv'
2026-06-15 04:44:42 +00:00: 
2026-06-15 04:44:42 +00:00: Usage: uv [OPTIONS] <COMMAND>
2026-06-15 04:44:42 +00:00: 
2026-06-15 04:44:42 +00:00: For more information, try '--help'.
2026-06-15 04:44:47 +00:00: error: unrecognized subcommand '/home/tejas_acharya/.local/bin/uv'
2026-06-15 04:44:47 +00:00: 
2026-06-15 04:44:47 +00:00: Usage: uv [OPTIONS] <COMMAND>
2026-06-15 04:44:47 +00:00: 
2026-06-15 04:44:47 +00:00: For more information, try '--help'.
2026-06-15 04:44:52 +00:00: error: unrecognized subcommand '/home/tejas_acharya/.local/bin/uv'
2026-06-15 04:44:52 +00:00: 
2026-06-15 04:44:52 +00:00: Usage: uv [OPTIONS] <COMMAND>
2026-06-15 04:44:52 +00:00: 
2026-06-15 04:44:52 +00:00: For more information, try '--help'.
2026-06-15 04:44:57 +00:00: error: unrecognized subcommand '/home/tejas_acharya/.local/bin/uv'
2026-06-15 04:44:57 +00:00: 
2026-06-15 04:44:57 +00:00: Usage: uv [OPTIONS] <COMMAND>
2026-06-15 04:44:57 +00:00: 
2026-06-15 04:44:57 +00:00: For more information, try '--help'.
2026-06-15 04:45:02 +00:00: error: unrecognized subcommand '/home/tejas_acharya/.local/bin/uv'
2026-06-15 04:45:02 +00:00: 
2026-06-15 04:45:02 +00:00: Usage: uv [OPTIONS] <COMMAND>
2026-06-15 04:45:02 +00:00: 
2026-06-15 04:45:02 +00:00: For more information, try '--help'.
2026-06-15 04:45:07 +00:00: error: unrecognized subcommand '/home/tejas_acharya/.local/bin/uv'
2026-06-15 04:45:07 +00:00: 
2026-06-15 04:45:07 +00:00: Usage: uv [OPTIONS] <COMMAND>
2026-06-15 04:45:07 +00:00: 
2026-06-15 04:45:07 +00:00: For more information, try '--help'.
2026-06-15 04:45:12 +00:00: error: unrecognized subcommand '/home/tejas_acharya/.local/bin/uv'
2026-06-15 04:45:12 +00:00: 
2026-06-15 04:45:12 +00:00: Usage: uv [OPTIONS] <COMMAND>
2026-06-15 04:45:12 +00:00: 
2026-06-15 04:45:12 +00:00: For more information, try '--help'.
2026-06-15 04:45:17 +00:00: error: unrecognized subcommand '/home/tejas_acharya/.local/bin/uv'
2026-06-15 04:45:17 +00:00: 
2026-06-15 04:45:17 +00:00: Usage: uv [OPTIONS] <COMMAND>
2026-06-15 04:45:17 +00:00: 
2026-06-15 04:45:17 +00:00: For more information, try '--help'.
2026-06-15 04:45:22 +00:00: error: unrecognized subcommand '/home/tejas_acharya/.local/bin/uv'
2026-06-15 04:45:22 +00:00: 
2026-06-15 04:45:22 +00:00: Usage: uv [OPTIONS] <COMMAND>
2026-06-15 04:45:22 +00:00: 
2026-06-15 04:45:22 +00:00: For more information, try '--help'.
2026-06-15 04:45:27 +00:00: error: unrecognized subcommand '/home/tejas_acharya/.local/bin/uv'
2026-06-15 04:45:27 +00:00: 
2026-06-15 04:45:27 +00:00: Usage: uv [OPTIONS] <COMMAND>
2026-06-15 04:45:27 +00:00: 
2026-06-15 04:45:27 +00:00: For more information, try '--help'.
2026-06-15 04:45:32 +00:00: error: unrecognized subcommand '/home/tejas_acharya/.local/bin/uv'
2026-06-15 04:45:32 +00:00: 
2026-06-15 04:45:32 +00:00: 
2026-06-15 04:45:32 +00:00: 
2026-06-15 04:45:32 +00:00: For more information, try '--help'.
2026-06-15 04:45:37 +00:00: error: unrecognized subcommand '/home/tejas_acharya/.local/bin/uv'
2026-06-15 04:45:37 +00:00: 
2026-06-15 04:45:37 +00:00: Usage: uv [OPTIONS] <COMMAND>
2026-06-15 04:45:37 +00:00: 
2026-06-15 04:45:37 +00:00: For more information, try '--help'.
2026-06-15 04:45:42 +00:00: error: unrecognized subcommand '/home/tejas_acharya/.local/bin/uv'
2026-06-15 04:45:42 +00:00: 
2026-06-15 04:45:42 +00:00: Usage: uv [OPTIONS] <COMMAND>
2026-06-15 04:45:42 +00:00: 
2026-06-15 04:45:42 +00:00: For more information, try '--help'.
2026-06-15 04:45:47 +00:00: error: unrecognized subcommand '/home/tejas_acharya/.local/bin/uv'
2026-06-15 04:45:47 +00:00: 
2026-06-15 04:45:47 +00:00: Usage: uv [OPTIONS] <COMMAND>
2026-06-15 04:45:47 +00:00: 
2026-06-15 04:45:47 +00:00: For more information, try '--help'.
2026-06-15 04:45:52 +00:00: error: unrecognized subcommand '/home/tejas_acharya/.local/bin/uv'
2026-06-15 04:45:52 +00:00: 
2026-06-15 04:45:52 +00:00: Usage: uv [OPTIONS] <COMMAND>
2026-06-15 04:45:52 +00:00: 
2026-06-15 04:45:52 +00:00: For more information, try '--help'.
2026-06-15 04:45:57 +00:00: error: unrecognized subcommand '/home/tejas_acharya/.local/bin/uv'
2026-06-15 04:45:57 +00:00: 
2026-06-15 04:45:57 +00:00: Usage: uv [OPTIONS] <COMMAND>
2026-06-15 04:45:57 +00:00: 
2026-06-15 04:45:57 +00:00: For more information, try '--help'.
2026-06-15 04:46:02 +00:00: error: unrecognized subcommand '/home/tejas_acharya/.local/bin/uv'
2026-06-15 04:46:02 +00:00: 
2026-06-15 04:46:02 +00:00: Usage: uv [OPTIONS] <COMMAND>
2026-06-15 04:46:02 +00:00: 
2026-06-15 04:46:02 +00:00: For more information, try '--help'.
2026-06-15 04:46:07 +00:00: error: unrecognized subcommand '/home/tejas_acharya/.local/bin/uv'
2026-06-15 04:46:07 +00:00: 
2026-06-15 04:46:07 +00:00: Usage: uv [OPTIONS] <COMMAND>
2026-06-15 04:46:07 +00:00: 
2026-06-15 04:46:07 +00:00: For more information, try '--help'.
2026-06-15 04:46:12 +00:00: error: unrecognized subcommand '/home/tejas_acharya/.local/bin/uv'
2026-06-15 04:46:12 +00:00: 
2026-06-15 04:46:12 +00:00: Usage: uv [OPTIONS] <COMMAND>
2026-06-15 04:46:12 +00:00: 
2026-06-15 04:46:12 +00:00: For more information, try '--help'.
2026-06-15 04:46:17 +00:00: error: unrecognized subcommand '/home/tejas_acharya/.local/bin/uv'
2026-06-15 04:46:17 +00:00: 
2026-06-15 04:46:17 +00:00: Usage: uv [OPTIONS] <COMMAND>
2026-06-15 04:46:17 +00:00: 
2026-06-15 04:46:17 +00:00: For more information, try '--help'.
2026-06-15 04:46:22 +00:00: error: unrecognized subcommand '/home/tejas_acharya/.local/bin/uv'
2026-06-15 04:46:22 +00:00: 
2026-06-15 04:46:22 +00:00: <COMMAND>
2026-06-15 04:46:22 +00:00: 
2026-06-15 04:46:22 +00:00: For more information, try '--help'.
2026-06-15 04:46:27 +00:00: error: unrecognized subcommand '/home/tejas_acharya/.local/bin/uv'
2026-06-15 04:46:27 +00:00: 
2026-06-15 04:46:27 +00:00: Usage: uv [OPTIONS] <COMMAND>
2026-06-15 04:46:27 +00:00: 
2026-06-15 04:46:27 +00:00: For more information, try '--help'.
2026-06-15 04:46:32 +00:00: error: unrecognized subcommand '/home/tejas_acharya/.local/bin/uv'
2026-06-15 04:46:32 +00:00: 
2026-06-15 04:46:32 +00:00: Usage: uv [OPTIONS] <COMMAND>
2026-06-15 04:46:32 +00:00: 
2026-06-15 04:46:32 +00:00: For more information, try '--help'.
2026-06-15 04:46:37 +00:00: error: unrecognized subcommand '/home/tejas_acharya/.local/bin/uv'
2026-06-15 04:46:37 +00:00: 
2026-06-15 04:46:37 +00:00: Usage: uv [OPTIONS] <COMMAND>
2026-06-15 04:46:37 +00:00: 
2026-06-15 04:46:37 +00:00: For more information, try '--help'.
2026-06-15 04:46:42 +00:00: error: unrecognized subcommand '/home/tejas_acharya/.local/bin/uv'
2026-06-15 04:46:42 +00:00: 
2026-06-15 04:46:42 +00:00: Usage: uv [OPTIONS] <COMMAND>
2026-06-15 04:46:42 +00:00: 
2026-06-15 04:46:42 +00:00: For more information, try '--help'.
2026-06-15 04:46:47 +00:00: error: unrecognized subcommand '/home/tejas_acharya/.local/bin/uv'
2026-06-15 04:46:47 +00:00: 
2026-06-15 04:46:47 +00:00: Usage: uv [OPTIONS] <COMMAND>
2026-06-15 04:46:47 +00:00: 
2026-06-15 04:46:47 +00:00: For more information, try '--help'.
2026-06-15 04:46:52 +00:00: error: unrecognized subcommand '/home/tejas_acharya/.local/bin/uv'
2026-06-15 04:46:52 +00:00: 
2026-06-15 04:46:52 +00:00: Usage: uv [OPTIONS] <COMMAND>
2026-06-15 04:46:52 +00:00: 
2026-06-15 04:46:52 +00:00: For more information, try '--help'.
2026-06-15 04:46:57 +00:00: error: unrecognized subcommand '/home/tejas_acharya/.local/bin/uv'
2026-06-15 04:46:57 +00:00: 
2026-06-15 04:46:57 +00:00: Usage: uv [OPTIONS] <COMMAND>
2026-06-15 04:46:57 +00:00: 
2026-06-15 04:46:57 +00:00: For more information, try '--help'.
2026-06-15 04:47:02 +00:00: error: unrecognized subcommand '/home/tejas_acharya/.local/bin/uv'
2026-06-15 04:47:02 +00:00: 
2026-06-15 04:47:02 +00:00: Usage: uv [OPTIONS] <COMMAND>
2026-06-15 04:47:02 +00:00: 
2026-06-15 04:47:02 +00:00: For more information, try '--help'.
2026-06-15 04:47:07 +00:00: error: unrecognized subcommand '/home/tejas_acharya/.local/bin/uv'
2026-06-15 04:47:07 +00:00: 
2026-06-15 04:47:07 +00:00: Usage: uv [OPTIONS] <COMMAND>
2026-06-15 04:47:07 +00:00: 
2026-06-15 04:47:07 +00:00: For more information, try '--help'.
2026-06-15 04:47:12 +00:00: error: unrecognized subcommand '/home/tejas_acharya/.local/bin/uv'
2026-06-15 04:47:12 +00:00: 
2026-06-15 04:47:12 +00:00: Usage: uv [OPTIONS] <COMMAND>
2026-06-15 04:47:12 +00:00: 
2026-06-15 04:47:12 +00:00: For more information, try '--help'.
2026-06-15 04:47:17 +00:00: error: unrecognized subcommand '/home/tejas_acharya/.local/bin/uv'
2026-06-15 04:47:17 +00:00: 
2026-06-15 04:47:17 +00:00: Usage: uv [OPTIONS] <COMMAND>
2026-06-15 04:47:17 +00:00: 
2026-06-15 04:47:17 +00:00: For more information, try '--help'.
2026-06-15 04:47:22 +00:00: error: unrecognized subcommand '/home/tejas_acharya/.local/bin/uv'
2026-06-15 04:47:22 +00:00: 
2026-06-15 04:47:22 +00:00: Usage: uv [OPTIONS] <COMMAND>
2026-06-15 04:47:22 +00:00: 
2026-06-15 04:47:22 +00:00: For more information, try '--help'.
2026-06-15 04:47:27 +00:00: error: unrecognized subcommand '/home/tejas_acharya/.local/bin/uv'
2026-06-15 04:47:27 +00:00: 
2026-06-15 04:47:27 +00:00: Usage: uv [OPTIONS] <COMMAND>
2026-06-15 04:47:27 +00:00: 
2026-06-15 04:47:27 +00:00: For more information, try '--help'.
2026-06-15 04:47:32 +00:00: error: unrecognized subcommand '/home/tejas_acharya/.local/bin/uv'
2026-06-15 04:47:32 +00:00: 
2026-06-15 04:47:32 +00:00: Usage: uv [OPTIONS] <COMMAND>
2026-06-15 04:47:32 +00:00: 
2026-06-15 04:47:32 +00:00: For more information, try '--help'.
2026-06-15 04:47:37 +00:00: error: unrecognized subcommand '/home/tejas_acharya/.local/bin/uv'
2026-06-15 04:47:37 +00:00: 
2026-06-15 04:47:37 +00:00: Usage: uv [OPTIONS] <COMMAND>
2026-06-15 04:47:37 +00:00: 
2026-06-15 04:47:37 +00:00: For more information, try '--help'.
2026-06-15 04:47:42 +00:00: error: unrecognized subcommand '/home/tejas_acharya/.local/bin/uv'
2026-06-15 04:47:42 +00:00: 
2026-06-15 04:47:42 +00:00: Usage: uv [OPTIONS] <COMMAND>
2026-06-15 04:47:42 +00:00: 
2026-06-15 04:47:42 +00:00: For more information, try '--help'.
2026-06-15 04:47:48 +00:00: error: unrecognized subcommand '/home/tejas_acharya/.local/bin/uv'
2026-06-15 04:47:48 +00:00: 
2026-06-15 04:47:48 +00:00: Usage: uv [OPTIONS] <COMMAND>
2026-06-15 04:47:48 +00:00: 
2026-06-15 04:47:48 +00:00: For more information, try '--help'.
2026-06-15 04:47:53 +00:00: error: unrecognized subcommand '/home/tejas_acharya/.local/bin/uv'
2026-06-15 04:47:53 +00:00: 
2026-06-15 04:47:53 +00:00: Usage: uv [OPTIONS] <COMMAND>
2026-06-15 04:47:53 +00:00: 
2026-06-15 04:47:53 +00:00: For more information, try '--help'.
2026-06-15 04:47:58 +00:00: error: unrecognized subcommand '/home/tejas_acharya/.local/bin/uv'
2026-06-15 04:47:58 +00:00: 
2026-06-15 04:47:58 +00:00: Usage: uv [OPTIONS] <COMMAND>
2026-06-15 04:47:58 +00:00: 
2026-06-15 04:47:58 +00:00: For more information, try '--help'.
2026-06-15 04:48:03 +00:00: error: unrecognized subcommand '/home/tejas_acharya/.local/bin/uv'
2026-06-15 04:48:03 +00:00: 
2026-06-15 04:48:03 +00:00: Usage: uv [OPTIONS] <COMMAND>
2026-06-15 04:48:03 +00:00: 
2026-06-15 04:48:03 +00:00: For more information, try '--help'.
2026-06-15 04:48:08 +00:00: error: unrecognized subcommand '/home/tejas_acharya/.local/bin/uv'
2026-06-15 04:48:08 +00:00: 
2026-06-15 04:48:08 +00:00: [OPTIONS] <COMMAND>
2026-06-15 04:48:08 +00:00: 
2026-06-15 04:48:08 +00:00: For more information, try '--help'.
2026-06-15 04:48:13 +00:00: error: unrecognized subcommand '/home/tejas_acharya/.local/bin/uv'
2026-06-15 04:48:13 +00:00: 
2026-06-15 04:48:13 +00:00: Usage: uv [OPTIONS] <COMMAND>
2026-06-15 04:48:13 +00:00: 
2026-06-15 04:48:13 +00:00: For more information, try '--help'.
2026-06-15 04:48:18 +00:00: error: unrecognized subcommand '/home/tejas_acharya/.local/bin/uv'
2026-06-15 04:48:18 +00:00: 
2026-06-15 04:48:18 +00:00: Usage: uv [OPTIONS] <COMMAND>
2026-06-15 04:48:18 +00:00: 
2026-06-15 04:48:18 +00:00: For more information, try '--help'.
2026-06-15 04:48:23 +00:00: error: unrecognized subcommand '/home/tejas_acharya/.local/bin/uv'
2026-06-15 04:48:23 +00:00: 
2026-06-15 04:48:23 +00:00: Usage: uv [OPTIONS] <COMMAND>
2026-06-15 04:48:23 +00:00: 
2026-06-15 04:48:23 +00:00: For more information, try '--help'.
2026-06-15 04:48:28 +00:00: error: unrecognized subcommand '/home/tejas_acharya/.local/bin/uv'
2026-06-15 04:48:28 +00:00: 
2026-06-15 04:48:28 +00:00: Usage: uv [OPTIONS] <COMMAND>
2026-06-15 04:48:28 +00:00: 
2026-06-15 04:48:28 +00:00: For more information, try '--help'.
2026-06-15 04:48:33 +00:00: error: unrecognized subcommand '/home/tejas_acharya/.local/bin/uv'
2026-06-15 04:48:33 +00:00: 
2026-06-15 04:48:33 +00:00: Usage: uv [OPTIONS] <COMMAND>
2026-06-15 04:48:33 +00:00: 
2026-06-15 04:48:33 +00:00: For more information, try '--help'.
2026-06-15 04:48:38 +00:00: error: unrecognized subcommand '/home/tejas_acharya/.local/bin/uv'
2026-06-15 04:48:38 +00:00: 
2026-06-15 04:48:38 +00:00: Usage: uv [OPTIONS] <COMMAND>
2026-06-15 04:48:38 +00:00: 
2026-06-15 04:48:38 +00:00: For more information, try '--help'.
2026-06-15 04:48:43 +00:00: error: unrecognized subcommand '/home/tejas_acharya/.local/bin/uv'
2026-06-15 04:48:43 +00:00: 
2026-06-15 04:48:43 +00:00: Usage: uv [OPTIONS] <COMMAND>
2026-06-15 04:48:43 +00:00: 
2026-06-15 04:48:43 +00:00: For more information, try '--help'.
2026-06-15 04:48:48 +00:00: error: unrecognized subcommand '/home/tejas_acharya/.local/bin/uv'
2026-06-15 04:48:48 +00:00: 
2026-06-15 04:48:48 +00:00: Usage: uv [OPTIONS] <COMMAND>
2026-06-15 04:48:48 +00:00: 
2026-06-15 04:48:48 +00:00: For more information, try '--help'.
2026-06-15 04:48:53 +00:00: error: unrecognized subcommand '/home/tejas_acharya/.local/bin/uv'
2026-06-15 04:48:53 +00:00: 
2026-06-15 04:48:53 +00:00: Usage: uv [OPTIONS] <COMMAND>
2026-06-15 04:48:53 +00:00: 
2026-06-15 04:48:53 +00:00: For more information, try '--help'.
2026-06-15 04:48:58 +00:00: error: unrecognized subcommand '/home/tejas_acharya/.local/bin/uv'
2026-06-15 04:48:58 +00:00: 
2026-06-15 04:48:58 +00:00: Usage: uv [OPTIONS] <COMMAND>
2026-06-15 04:48:58 +00:00: 
2026-06-15 04:48:58 +00:00: For more information, try '--help'.
2026-06-15 04:49:03 +00:00: error: unrecognized subcommand '/home/tejas_acharya/.local/bin/uv'
2026-06-15 04:49:03 +00:00: 
2026-06-15 04:49:03 +00:00: Usage: uv [OPTIONS] <COMMAND>
2026-06-15 04:49:03 +00:00: 
2026-06-15 04:49:03 +00:00: For more information, try '--help'.
2026-06-15 04:49:08 +00:00: error: unrecognized subcommand '/home/tejas_acharya/.local/bin/uv'
2026-06-15 04:49:08 +00:00: 
2026-06-15 04:49:08 +00:00: Usage: uv [OPTIONS] <COMMAND>
2026-06-15 04:49:08 +00:00: 
2026-06-15 04:49:08 +00:00: For more information, try '--help'.
2026-06-15 04:49:13 +00:00: error: unrecognized subcommand '/home/tejas_acharya/.local/bin/uv'
2026-06-15 04:49:13 +00:00: 
2026-06-15 04:49:13 +00:00: Usage: uv [OPTIONS] <COMMAND>
2026-06-15 04:49:13 +00:00: 
2026-06-15 04:49:13 +00:00: For more information, try '--help'.
2026-06-15 04:49:18 +00:00: error: unrecognized subcommand '/home/tejas_acharya/.local/bin/uv'
2026-06-15 04:49:18 +00:00: 
2026-06-15 04:49:18 +00:00: Usage: uv [OPTIONS] <COMMAND>
2026-06-15 04:49:18 +00:00: 
2026-06-15 04:49:18 +00:00: For more information, try '--help'.
2026-06-15 04:49:23 +00:00: error: unrecognized subcommand '/home/tejas_acharya/.local/bin/uv'
2026-06-15 04:49:23 +00:00: 
2026-06-15 04:49:23 +00:00: Usage: uv [OPTIONS] <COMMAND>
2026-06-15 04:49:23 +00:00: 
2026-06-15 04:49:23 +00:00: --help'.
2026-06-15 04:49:28 +00:00: error: unrecognized subcommand '/home/tejas_acharya/.local/bin/uv'
2026-06-15 04:49:28 +00:00: 
2026-06-15 04:49:28 +00:00: Usage: uv [OPTIONS] <COMMAND>
2026-06-15 04:49:28 +00:00: 
2026-06-15 04:49:28 +00:00: For more information, try '--help'.
2026-06-15 04:49:33 +00:00: error: unrecognized subcommand '/home/tejas_acharya/.local/bin/uv'
2026-06-15 04:49:33 +00:00: 
2026-06-15 04:49:33 +00:00: Usage: uv [OPTIONS] <COMMAND>
2026-06-15 04:49:33 +00:00: 
2026-06-15 04:49:33 +00:00: For more information, try '--help'.
2026-06-15 04:49:38 +00:00: error: unrecognized subcommand '/home/tejas_acharya/.local/bin/uv'
2026-06-15 04:49:38 +00:00: 
2026-06-15 04:49:38 +00:00: Usage: uv [OPTIONS] <COMMAND>
2026-06-15 04:49:38 +00:00: 
2026-06-15 04:49:38 +00:00: For more information, try '--help'.
2026-06-15 04:50:51 +00:00: error: unrecognized subcommand '/home/tejas_acharya/.local/bin/uv'
2026-06-15 04:50:51 +00:00: 
2026-06-15 04:50:51 +00:00: Usage: uv [OPTIONS] <COMMAND>
2026-06-15 04:50:51 +00:00: 
2026-06-15 04:50:51 +00:00: For more information, try '--help'.
2026-06-15 04:50:56 +00:00: error: unrecognized subcommand '/home/tejas_acharya/.local/bin/uv'
2026-06-15 04:50:56 +00:00: 
2026-06-15 04:50:56 +00:00: Usage: uv [OPTIONS] <COMMAND>
2026-06-15 04:50:56 +00:00: 
2026-06-15 04:50:56 +00:00: For more information, try '--help'.
2026-06-15 04:51:01 +00:00: error: unrecognized subcommand '/home/tejas_acharya/.local/bin/uv'
2026-06-15 04:51:01 +00:00: 
2026-06-15 04:51:01 +00:00: Usage: uv [OPTIONS] <COMMAND>
2026-06-15 04:51:01 +00:00: 
2026-06-15 04:51:01 +00:00: For more information, try '--help'.
2026-06-15 04:51:06 +00:00: error: unrecognized subcommand '/home/tejas_acharya/.local/bin/uv'
2026-06-15 04:51:06 +00:00: 
2026-06-15 04:51:06 +00:00: Usage: uv [OPTIONS] <COMMAND>
2026-06-15 04:51:06 +00:00: 
2026-06-15 04:51:06 +00:00: For more information, try '--help'.
2026-06-15 04:51:11 +00:00: error: unrecognized subcommand '/home/tejas_acharya/.local/bin/uv'
2026-06-15 04:51:11 +00:00: 
2026-06-15 04:51:11 +00:00: Usage: uv [OPTIONS] <COMMAND>
2026-06-15 04:51:11 +00:00: 
2026-06-15 04:51:11 +00:00: For more information, try '--help'.
2026-06-15 04:51:16 +00:00: error: unrecognized subcommand '/home/tejas_acharya/.local/bin/uv'
2026-06-15 04:51:16 +00:00: 
2026-06-15 04:51:16 +00:00: Usage: uv [OPTIONS] <COMMAND>
2026-06-15 04:51:16 +00:00: 
2026-06-15 04:51:16 +00:00: For more information, try '--help'.
2026-06-15 04:51:21 +00:00: error: unrecognized subcommand '/home/tejas_acharya/.local/bin/uv'
2026-06-15 04:51:21 +00:00: 
2026-06-15 04:51:21 +00:00: Usage: uv [OPTIONS] <COMMAND>
2026-06-15 04:51:21 +00:00: 
2026-06-15 04:51:21 +00:00: For more information, try '--help'.
2026-06-15 04:51:26 +00:00: error: unrecognized subcommand '/home/tejas_acharya/.local/bin/uv'
2026-06-15 04:51:26 +00:00: 
2026-06-15 04:51:26 +00:00: Usage: uv [OPTIONS] <COMMAND>
2026-06-15 04:51:26 +00:00: 
2026-06-15 04:51:26 +00:00: For more information, try '--help'.
2026-06-15 04:51:31 +00:00: error: unrecognized subcommand '/home/tejas_acharya/.local/bin/uv'
2026-06-15 04:51:31 +00:00: 
2026-06-15 04:51:31 +00:00: Usage: uv [OPTIONS] <COMMAND>
2026-06-15 04:51:31 +00:00: 
2026-06-15 04:51:31 +00:00: For more information, try '--help'.
2026-06-15 04:51:36 +00:00: error: unrecognized subcommand '/home/tejas_acharya/.local/bin/uv'
2026-06-15 04:51:36 +00:00: 
2026-06-15 04:51:36 +00:00: Usage: uv [OPTIONS] <COMMAND>
2026-06-15 04:51:36 +00:00: 
2026-06-15 04:51:36 +00:00: '.
2026-06-15 04:51:41 +00:00: error: unrecognized subcommand '/home/tejas_acharya/.local/bin/uv'
2026-06-15 04:51:41 +00:00: 
2026-06-15 04:51:41 +00:00: Usage: uv [OPTIONS] <COMMAND>
2026-06-15 04:51:41 +00:00: 
2026-06-15 04:51:41 +00:00: For more information, try '--help'.
2026-06-15 04:51:46 +00:00: error: unrecognized subcommand '/home/tejas_acharya/.local/bin/uv'
2026-06-15 04:51:46 +00:00: 
2026-06-15 04:51:46 +00:00: Usage: uv [OPTIONS] <COMMAND>
2026-06-15 04:51:46 +00:00: 
2026-06-15 04:51:46 +00:00: For more information, try '--help'.
2026-06-15 04:51:52 +00:00: error: unrecognized subcommand '/home/tejas_acharya/.local/bin/uv'
2026-06-15 04:51:52 +00:00: 
2026-06-15 04:51:52 +00:00: Usage: uv [OPTIONS] <COMMAND>
2026-06-15 04:51:52 +00:00: 
2026-06-15 04:51:52 +00:00: For more information, try '--help'.
2026-06-15 04:51:57 +00:00: error: unrecognized subcommand '/home/tejas_acharya/.local/bin/uv'
2026-06-15 04:51:57 +00:00: 
2026-06-15 04:51:57 +00:00: Usage: uv [OPTIONS] <COMMAND>
2026-06-15 04:51:57 +00:00: 
2026-06-15 04:51:57 +00:00: For more information, try '--help'.
2026-06-15 04:52:02 +00:00: error: unrecognized subcommand '/home/tejas_acharya/.local/bin/uv'
2026-06-15 04:52:02 +00:00: 
2026-06-15 04:52:02 +00:00: Usage: uv [OPTIONS] <COMMAND>
2026-06-15 04:52:02 +00:00: 
2026-06-15 04:52:02 +00:00: For more information, try '--help'.
2026-06-15 04:52:07 +00:00: error: unrecognized subcommand '/home/tejas_acharya/.local/bin/uv'
2026-06-15 04:52:07 +00:00: 
2026-06-15 04:52:07 +00:00: Usage: uv [OPTIONS] <COMMAND>
2026-06-15 04:52:07 +00:00: 
2026-06-15 04:52:07 +00:00: For more information, try '--help'.
2026-06-15 04:52:12 +00:00: error: unrecognized subcommand '/home/tejas_acharya/.local/bin/uv'
2026-06-15 04:52:12 +00:00: 
2026-06-15 04:52:12 +00:00: Usage: uv [OPTIONS] <COMMAND>
2026-06-15 04:52:12 +00:00: 
2026-06-15 04:52:12 +00:00: For more information, try '--help'.
2026-06-15 04:52:17 +00:00: error: unrecognized subcommand '/home/tejas_acharya/.local/bin/uv'
2026-06-15 04:52:17 +00:00: 
2026-06-15 04:52:17 +00:00: Usage: uv [OPTIONS] <COMMAND>
2026-06-15 04:52:17 +00:00: 
2026-06-15 04:52:17 +00:00: For more information, try '--help'.
2026-06-15 04:52:22 +00:00: error: unrecognized subcommand '/home/tejas_acharya/.local/bin/uv'
2026-06-15 04:52:22 +00:00: 
2026-06-15 04:52:22 +00:00: Usage: uv [OPTIONS] <COMMAND>
2026-06-15 04:52:22 +00:00: 
2026-06-15 04:52:22 +00:00: For more information, try '--help'.
2026-06-15 04:52:27 +00:00: error: unrecognized subcommand '/home/tejas_acharya/.local/bin/uv'
2026-06-15 04:52:27 +00:00: 
2026-06-15 04:52:27 +00:00: Usage: uv [OPTIONS] <COMMAND>
2026-06-15 04:52:27 +00:00: 
2026-06-15 04:52:27 +00:00: For more information, try '--help'.
2026-06-15 04:52:32 +00:00: error: unrecognized subcommand '/home/tejas_acharya/.local/bin/uv'
2026-06-15 04:52:32 +00:00: 
2026-06-15 04:52:32 +00:00: Usage: uv [OPTIONS] <COMMAND>
2026-06-15 04:52:32 +00:00: 
2026-06-15 04:52:32 +00:00: For more information, try '--help'.
2026-06-15 04:52:37 +00:00: error: unrecognized subcommand '/home/tejas_acharya/.local/bin/uv'
2026-06-15 04:52:37 +00:00: 
2026-06-15 04:52:37 +00:00: Usage: uv [OPTIONS] <COMMAND>
2026-06-15 04:52:37 +00:00: 
2026-06-15 04:52:37 +00:00: For more information, try '--help'.
2026-06-15 04:52:42 +00:00: error: unrecognized subcommand '/home/tejas_acharya/.local/bin/uv'
2026-06-15 04:52:42 +00:00: 
2026-06-15 04:52:42 +00:00: Usage: uv [OPTIONS] <COMMAND>
2026-06-15 04:52:42 +00:00: 
2026-06-15 04:52:42 +00:00: For more information, try '--help'.
2026-06-15 04:52:47 +00:00: error: unrecognized subcommand '/home/tejas_acharya/.local/bin/uv'
2026-06-15 04:52:47 +00:00: 
2026-06-15 04:52:47 +00:00: Usage: uv [OPTIONS] <COMMAND>
2026-06-15 04:52:47 +00:00: 
2026-06-15 04:52:47 +00:00: For more information, try '--help'.
2026-06-15 04:52:52 +00:00: error: unrecognized subcommand '/home/tejas_acharya/.local/bin/uv'
2026-06-15 04:52:52 +00:00: 
2026-06-15 04:52:52 +00:00: Usage: uv [OPTIONS] <COMMAND>
2026-06-15 04:52:52 +00:00: 
2026-06-15 04:52:52 +00:00: For more information, try '--help'.
2026-06-15 04:52:57 +00:00: error: unrecognized subcommand '/home/tejas_acharya/.local/bin/uv'
2026-06-15 04:52:57 +00:00: 
2026-06-15 04:52:57 +00:00: Usage: uv [OPTIONS] <COMMAND>
2026-06-15 04:52:57 +00:00: 
2026-06-15 04:52:57 +00:00: For more information, try '--help'.
2026-06-15 04:53:02 +00:00: error: unrecognized subcommand '/home/tejas_acharya/.local/bin/uv'
2026-06-15 04:53:02 +00:00: 
2026-06-15 04:53:02 +00:00: Usage: uv [OPTIONS] <COMMAND>
2026-06-15 04:53:02 +00:00: 
2026-06-15 04:53:02 +00:00: For more information, try '--help'.
2026-06-15 04:53:07 +00:00: error: unrecognized subcommand '/home/tejas_acharya/.local/bin/uv'
2026-06-15 04:53:07 +00:00: 
2026-06-15 04:53:07 +00:00: Usage: uv [OPTIONS] <COMMAND>
2026-06-15 04:53:07 +00:00: 
2026-06-15 04:53:07 +00:00: For more information, try '--help'.
2026-06-15 04:53:12 +00:00: error: unrecognized subcommand '/home/tejas_acharya/.local/bin/uv'
2026-06-15 04:53:12 +00:00: 
2026-06-15 04:53:12 +00:00: Usage: uv [OPTIONS] <COMMAND>
2026-06-15 04:53:12 +00:00: 
2026-06-15 04:53:12 +00:00: For more information, try '--help'.
2026-06-15 04:53:17 +00:00: error: unrecognized subcommand '/home/tejas_acharya/.local/bin/uv'
2026-06-15 04:53:17 +00:00: 
2026-06-15 04:53:17 +00:00: Usage: uv [OPTIONS] <COMMAND>
2026-06-15 04:53:17 +00:00: 
2026-06-15 04:53:17 +00:00: For more information, try '--help'.
2026-06-15 04:53:22 +00:00: error: unrecognized subcommand '/home/tejas_acharya/.local/bin/uv'
2026-06-15 04:53:22 +00:00: 
2026-06-15 04:53:22 +00:00: Usage: uv [OPTIONS] <COMMAND>
2026-06-15 04:53:22 +00:00: 
2026-06-15 04:53:22 +00:00: For more information, try '--help'.
2026-06-15 04:53:27 +00:00: error: unrecognized subcommand '/home/tejas_acharya/.local/bin/uv'
2026-06-15 04:53:27 +00:00: 
2026-06-15 04:53:27 +00:00: Usage: uv [OPTIONS] <COMMAND>
2026-06-15 04:53:27 +00:00: 
2026-06-15 04:53:27 +00:00: --help'.
2026-06-15 04:53:32 +00:00: error: unrecognized subcommand '/home/tejas_acharya/.local/bin/uv'
2026-06-15 04:53:32 +00:00: 
2026-06-15 04:53:32 +00:00: Usage: uv [OPTIONS] <COMMAND>
2026-06-15 04:53:32 +00:00: 
2026-06-15 04:53:32 +00:00: For more information, try '--help'.
2026-06-15 04:53:37 +00:00: error: unrecognized subcommand '/home/tejas_acharya/.local/bin/uv'
2026-06-15 04:53:37 +00:00: 
2026-06-15 04:53:37 +00:00: Usage: uv [OPTIONS] <COMMAND>
2026-06-15 04:53:37 +00:00: 
2026-06-15 04:53:37 +00:00: For more information, try '--help'.
2026-06-15 04:53:42 +00:00: error: unrecognized subcommand '/home/tejas_acharya/.local/bin/uv'
2026-06-15 04:53:42 +00:00: 
2026-06-15 04:53:42 +00:00: Usage: uv [OPTIONS] <COMMAND>
2026-06-15 04:53:42 +00:00: 
2026-06-15 04:53:42 +00:00: For more information, try '--help'.
2026-06-15 04:53:47 +00:00: error: unrecognized subcommand '/home/tejas_acharya/.local/bin/uv'
2026-06-15 04:53:47 +00:00: 
2026-06-15 04:53:47 +00:00: Usage: uv [OPTIONS] <COMMAND>
2026-06-15 04:53:47 +00:00: 
2026-06-15 04:53:47 +00:00: For more information, try '--help'.
2026-06-15 04:53:52 +00:00: error: unrecognized subcommand '/home/tejas_acharya/.local/bin/uv'
2026-06-15 04:53:52 +00:00: 
2026-06-15 04:53:52 +00:00: Usage: uv [OPTIONS] <COMMAND>
2026-06-15 04:53:52 +00:00: 
2026-06-15 04:53:52 +00:00: For more information, try '--help'.
2026-06-15 04:53:57 +00:00: error: unrecognized subcommand '/home/tejas_acharya/.local/bin/uv'
2026-06-15 04:53:57 +00:00: 
2026-06-15 04:53:57 +00:00: Usage: uv [OPTIONS] <COMMAND>
2026-06-15 04:53:57 +00:00: 
2026-06-15 04:53:57 +00:00: For more information, try '--help'.
2026-06-15 04:54:02 +00:00: error: unrecognized subcommand '/home/tejas_acharya/.local/bin/uv'
2026-06-15 04:54:02 +00:00: 
2026-06-15 04:54:02 +00:00: Usage: uv [OPTIONS] <COMMAND>
2026-06-15 04:54:02 +00:00: 
2026-06-15 04:54:02 +00:00: For more information, try '--help'.
2026-06-15 04:54:07 +00:00: error: unrecognized subcommand '/home/tejas_acharya/.local/bin/uv'
2026-06-15 04:54:07 +00:00: 
2026-06-15 04:54:07 +00:00: Usage: uv [OPTIONS] <COMMAND>
2026-06-15 04:54:07 +00:00: 
2026-06-15 04:54:07 +00:00: For more information, try '--help'.
2026-06-15 04:54:12 +00:00: error: unrecognized subcommand '/home/tejas_acharya/.local/bin/uv'
2026-06-15 04:54:12 +00:00: 
2026-06-15 04:54:12 +00:00: Usage: uv [OPTIONS] <COMMAND>
2026-06-15 04:54:12 +00:00: 
2026-06-15 04:54:12 +00:00: For more information, try '--help'.
2026-06-15 04:54:17 +00:00: error: unrecognized subcommand '/home/tejas_acharya/.local/bin/uv'
2026-06-15 04:54:17 +00:00: 
2026-06-15 04:54:17 +00:00: Usage: uv [OPTIONS] <COMMAND>
2026-06-15 04:54:17 +00:00: 
2026-06-15 04:54:17 +00:00: For more information, try '--help'.
2026-06-15 04:54:22 +00:00: error: unrecognized subcommand '/home/tejas_acharya/.local/bin/uv'
2026-06-15 04:54:22 +00:00: 
2026-06-15 04:54:22 +00:00: Usage: uv [OPTIONS] <COMMAND>
2026-06-15 04:54:22 +00:00: 
2026-06-15 04:54:22 +00:00: For more information, try '--help'.
2026-06-15 04:54:27 +00:00: error:
2026-06-15 04:54:27 +00:00:  unrecognized subcommand '/home/tejas_acharya/.local/bin/uv'
2026-06-15 04:54:27 +00:00: 
2026-06-15 04:54:27 +00:00: Usage: uv [OPTIONS] <COMMAND>
2026-06-15 04:54:27 +00:00: 
2026-06-15 04:54:27 +00:00: For more information, try '--help'.
2026-06-15 04:54:32 +00:00: error: unrecognized subcommand '/home/tejas_acharya/.local/bin/uv'
2026-06-15 04:54:32 +00:00: 
2026-06-15 04:54:32 +00:00: Usage: uv [OPTIONS] <COMMAND>
2026-06-15 04:54:32 +00:00: 
2026-06-15 04:54:32 +00:00: For more information, try '--help'.
2026-06-15 04:54:37 +00:00: error: unrecognized subcommand '/home/tejas_acharya/.local/bin/uv'
2026-06-15 04:54:37 +00:00: 
2026-06-15 04:54:37 +00:00: Usage: uv [OPTIONS] <COMMAND>
2026-06-15 04:54:37 +00:00: 
2026-06-15 04:54:37 +00:00: For more information, try '--help'.
2026-06-15 04:54:42 +00:00: error: unrecognized subcommand '/home/tejas_acharya/.local/bin/uv'
2026-06-15 04:54:42 +00:00: 
2026-06-15 04:54:42 +00:00: Usage: uv [OPTIONS] <COMMAND>
2026-06-15 04:54:42 +00:00: 
2026-06-15 04:54:42 +00:00: For more information, try '--help'.
2026-06-15 04:54:47 +00:00: error: unrecognized subcommand '/home/tejas_acharya/.local/bin/uv'
2026-06-15 04:54:47 +00:00: 
2026-06-15 04:54:47 +00:00: Usage: uv [OPTIONS] <COMMAND>
2026-06-15 04:54:47 +00:00: 
2026-06-15 04:54:47 +00:00: For more information, try '--help'.
2026-06-15 04:54:52 +00:00: error: unrecognized subcommand '/home/tejas_acharya/.local/bin/uv'
2026-06-15 04:54:52 +00:00: 
2026-06-15 04:54:52 +00:00: Usage: uv [OPTIONS] <COMMAND>
2026-06-15 04:54:52 +00:00: 
2026-06-15 04:54:52 +00:00: For more information, try '--help'.
2026-06-15 04:54:57 +00:00: error: unrecognized subcommand '/home/tejas_acharya/.local/bin/uv'
2026-06-15 04:54:57 +00:00: 
2026-06-15 04:54:57 +00:00: Usage: uv [OPTIONS] <COMMAND>
2026-06-15 04:54:57 +00:00: 
2026-06-15 04:54:57 +00:00: For more information, try '--help'.
2026-06-15 04:55:02 +00:00: error: unrecognized subcommand '/home/tejas_acharya/.local/bin/uv'
2026-06-15 04:55:02 +00:00: 
2026-06-15 04:55:02 +00:00: Usage: uv [OPTIONS] <COMMAND>
2026-06-15 04:55:02 +00:00: 
2026-06-15 04:55:02 +00:00: For more information, try '--help'.
2026-06-15 04:55:07 +00:00: error: unrecognized subcommand '/home/tejas_acharya/.local/bin/uv'
2026-06-15 04:55:07 +00:00: 
2026-06-15 04:55:07 +00:00: Usage: uv [OPTIONS] <COMMAND>
2026-06-15 04:55:07 +00:00: 
2026-06-15 04:55:07 +00:00: For more information, try '--help'.
2026-06-15 04:55:12 +00:00: error: unrecognized subcommand '/home/tejas_acharya/.local/bin/uv'
2026-06-15 04:55:12 +00:00: 
2026-06-15 04:55:12 +00:00: Usage: uv [OPTIONS] <COMMAND>
2026-06-15 04:55:12 +00:00: 
2026-06-15 04:55:12 +00:00: For more information, try '--help'.
2026-06-15 04:55:17 +00:00: error: unrecognized subcommand '/home/tejas_acharya/.local/bin/uv'
2026-06-15 04:55:17 +00:00: 
2026-06-15 04:55:17 +00:00: Usage: uv [OPTIONS] <COMMAND>
2026-06-15 04:55:17 +00:00: 
2026-06-15 04:55:17 +00:00: For more information, try '--help'.
2026-06-15 04:55:22 +00:00: error: unrecognized subcommand '/home/tejas_acharya/.local/bin/uv'
2026-06-15 04:55:22 +00:00: 
2026-06-15 04:55:22 +00:00: Usage: uv [OPTIONS] <COMMAND>
2026-06-15 04:55:22 +00:00: 
2026-06-15 04:55:22 +00:00: For more information, try '--help'.
2026-06-15 04:55:27 +00:00: error: unrecognized subcommand '/home/tejas_acharya/.local/bin/uv'
2026-06-15 04:55:27 +00:00: 
2026-06-15 04:55:27 +00:00: Usage: uv [OPTIONS] <COMMAND>
2026-06-15 04:55:27 +00:00: 
2026-06-15 04:55:27 +00:00: For more information, try '--help'.
2026-06-15 04:55:32 +00:00: error: unrecognized subcommand '/home/tejas_acharya/.local/bin/uv'
2026-06-15 04:55:32 +00:00: 
2026-06-15 04:55:32 +00:00: Usage: uv [OPTIONS] <COMMAND>
2026-06-15 04:55:32 +00:00: 
2026-06-15 04:55:32 +00:00: For more information, try '--help'.
2026-06-15 04:55:37 +00:00: error: unrecognized subcommand '/home/tejas_acharya/.local/bin/uv'
2026-06-15 04:55:37 +00:00: 
2026-06-15 04:55:37 +00:00: Usage: uv [OPTIONS] <COMMAND>
2026-06-15 04:55:37 +00:00: 
2026-06-15 04:55:37 +00:00: For more information, try '--help'.
2026-06-15 04:55:42 +00:00: error: unrecognized subcommand '/home/tejas_acharya/.local/bin/uv'
2026-06-15 04:55:42 +00:00: 
2026-06-15 04:55:42 +00:00: Usage: uv [OPTIONS] <COMMAND>
2026-06-15 04:55:42 +00:00: 
2026-06-15 04:55:42 +00:00: For more information, try '--help'.
2026-06-15 04:55:47 +00:00: error: unrecognized subcommand '/home/tejas_acharya/.local/bin/uv'
2026-06-15 04:55:47 +00:00: 
2026-06-15 04:55:47 +00:00: Usage: uv [OPTIONS] <COMMAND>
2026-06-15 04:55:47 +00:00: 
2026-06-15 04:55:47 +00:00: For more information, try '--help'.
2026-06-15 04:55:52 +00:00: error: unrecognized subcommand '/home/tejas_acharya/.local/bin/uv'
2026-06-15 04:55:52 +00:00: 
2026-06-15 04:55:52 +00:00: Usage: uv [OPTIONS] <COMMAND>
2026-06-15 04:55:52 +00:00: 
2026-06-15 04:55:52 +00:00: For more information, try '--help'.
2026-06-15 04:55:57 +00:00: error: unrecognized subcommand '/home/tejas_acharya/.local/bin/uv'
2026-06-15 04:55:57 +00:00: 
2026-06-15 04:55:57 +00:00: Usage: uv [OPTIONS] <COMMAND>
2026-06-15 04:55:57 +00:00: 
2026-06-15 04:55:57 +00:00: For more information, try '--help'.
2026-06-15 04:56:02 +00:00: error: unrecognized subcommand '/home/tejas_acharya/.local/bin/uv'
2026-06-15 04:56:02 +00:00: 
2026-06-15 04:56:02 +00:00: Usage: uv [OPTIONS] <COMMAND>
2026-06-15 04:56:02 +00:00: 
2026-06-15 04:56:02 +00:00: For more information, try '--help'.
2026-06-15 04:56:07 +00:00: error: unrecognized subcommand '/home/tejas_acharya/.local/bin/uv'
2026-06-15 04:56:07 +00:00: 
2026-06-15 04:56:07 +00:00: Usage: uv [OPTIONS] <COMMAND>
2026-06-15 04:56:07 +00:00: 
2026-06-15 04:56:07 +00:00: For more information, try '--help'.
2026-06-15 04:56:12 +00:00: error: unrecognized subcommand '/home/tejas_acharya/.local/bin/uv'
2026-06-15 04:56:12 +00:00: 
2026-06-15 04:56:12 +00:00: Usage: uv [OPTIONS] <COMMAND>
2026-06-15 04:56:12 +00:00: 
2026-06-15 04:56:12 +00:00: For more information, try '--help'.
2026-06-15 04:56:17 +00:00: error: unrecognized subcommand '/home/tejas_acharya/.local/bin/uv'
2026-06-15 04:56:17 +00:00: 
2026-06-15 04:56:17 +00:00: Usage: uv [OPTIONS] <COMMAND>
2026-06-15 04:56:17 +00:00: 
2026-06-15 04:56:17 +00:00: For more information, try '--help'.
2026-06-15 04:56:22 +00:00: error: unrecognized subcommand '/home/tejas_acharya/.local/bin/uv'
2026-06-15 04:56:22 +00:00: 
2026-06-15 04:56:22 +00:00: Usage: uv [OPTIONS] <COMMAND>
2026-06-15 04:56:22 +00:00: 
2026-06-15 04:56:22 +00:00: For more information, try '--help'.
2026-06-15 04:56:27 +00:00: error: unrecognized subcommand '/home/tejas_acharya/.local/bin/uv'
2026-06-15 04:56:27 +00:00: 
2026-06-15 04:56:27 +00:00: Usage: uv [OPTIONS] <COMMAND>
2026-06-15 04:56:27 +00:00: 
2026-06-15 04:56:27 +00:00: For more information, try '--help'.
2026-06-15 04:59:14 +00:00: error: unrecognized subcommand '/home/tejas_acharya/.local/bin/uv'
2026-06-15 04:59:14 +00:00: 
2026-06-15 04:59:14 +00:00: Usage: uv [OPTIONS] <COMMAND>
2026-06-15 04:59:14 +00:00: 
2026-06-15 04:59:14 +00:00: For more information, try '--help'.
2026-06-15 04:59:19 +00:00: error: unrecognized subcommand '/home/tejas_acharya/.local/bin/uv'
2026-06-15 04:59:19 +00:00: 
2026-06-15 04:59:19 +00:00: Usage: uv [OPTIONS] <COMMAND>
2026-06-15 04:59:19 +00:00: 
2026-06-15 04:59:19 +00:00: For more information, try '--help'.
2026-06-15 04:59:24 +00:00: error: unrecognized subcommand '/home/tejas_acharya/.local/bin/uv'
2026-06-15 04:59:24 +00:00: 
2026-06-15 04:59:24 +00:00: Usage: uv [OPTIONS] <COMMAND>
2026-06-15 04:59:24 +00:00: 
2026-06-15 04:59:24 +00:00: For more information, try '--help'.
2026-06-15 04:59:29 +00:00: error: unrecognized subcommand '/home/tejas_acharya/.local/bin/uv'
2026-06-15 04:59:29 +00:00: 
2026-06-15 04:59:29 +00:00: Usage: uv [OPTIONS] <COMMAND>
2026-06-15 04:59:29 +00:00: 
2026-06-15 04:59:29 +00:00: For more information, try '--help'.
2026-06-15 04:59:34 +00:00: error: unrecognized subcommand '/home/tejas_acharya/.local/bin/uv'
2026-06-15 04:59:34 +00:00: 
2026-06-15 04:59:34 +00:00: Usage: uv [OPTIONS] <COMMAND>
2026-06-15 04:59:34 +00:00: 
2026-06-15 04:59:34 +00:00: For more information, try '--help'.
2026-06-15 04:59:39 +00:00: error: unrecognized subcommand '/home/tejas_acharya/.local/bin/uv'
2026-06-15 04:59:39 +00:00: 
2026-06-15 04:59:39 +00:00: Usage: uv [OPTIONS] <COMMAND>
2026-06-15 04:59:39 +00:00: 
2026-06-15 04:59:39 +00:00: For more information, try '--help'.
2026-06-15 04:59:44 +00:00: error: unrecognized subcommand '/home/tejas_acharya/.local/bin/uv'
2026-06-15 04:59:44 +00:00: 
2026-06-15 04:59:44 +00:00: Usage: uv [OPTIONS] <COMMAND>
2026-06-15 04:59:44 +00:00: 
2026-06-15 04:59:44 +00:00: For more information, try '--help'.
2026-06-15 04:59:49 +00:00: error: unrecognized subcommand '/home/tejas_acharya/.local/bin/uv'
2026-06-15 04:59:49 +00:00: 
2026-06-15 04:59:49 +00:00: Usage: uv [OPTIONS] <COMMAND>
2026-06-15 04:59:49 +00:00: 
2026-06-15 04:59:49 +00:00: For more information, try '--help'.
2026-06-15 04:59:54 +00:00: error: unrecognized subcommand '/home/tejas_acharya/.local/bin/uv'
2026-06-15 04:59:54 +00:00: 
2026-06-15 04:59:54 +00:00: Usage: uv [OPTIONS] <COMMAND>
2026-06-15 04:59:54 +00:00: 
2026-06-15 04:59:54 +00:00: For more information, try '--help'.
2026-06-15 04:59:59 +00:00: error: unrecognized subcommand '/home/tejas_acharya/.local/bin/uv'
2026-06-15 04:59:59 +00:00: 
2026-06-15 04:59:59 +00:00: Usage: uv [OPTIONS] <COMMAND>
2026-06-15 04:59:59 +00:00: 
2026-06-15 04:59:59 +00:00: For more information, try '--help'.
2026-06-15 05:00:04 +00:00: error: unrecognized subcommand '/home/tejas_acharya/.local/bin/uv'
2026-06-15 05:00:04 +00:00: 
2026-06-15 05:00:04 +00:00: Usage: uv [OPTIONS] <COMMAND>
2026-06-15 05:00:04 +00:00: 
2026-06-15 05:00:04 +00:00: For more information, try '--help'.
2026-06-15 05:00:09 +00:00: error: unrecognized subcommand '/home/tejas_acharya/.local/bin/uv'
2026-06-15 05:00:09 +00:00: 
2026-06-15 05:00:09 +00:00: Usage: uv [OPTIONS] <COMMAND>
2026-06-15 05:00:09 +00:00: 
2026-06-15 05:00:09 +00:00: For more information, try '--help'.
2026-06-15 05:00:14 +00:00: error: unrecognized subcommand '/home/tejas_acharya/.local/bin/uv'
2026-06-15 05:00:14 +00:00: 
2026-06-15 05:00:14 +00:00: Usage: uv [OPTIONS] <COMMAND>
2026-06-15 05:00:14 +00:00: 
2026-06-15 05:00:14 +00:00: For more information, try '--help'.
2026-06-15 05:00:19 +00:00: error: unrecognized subcommand '/home/tejas_acharya/.local/bin/uv'
2026-06-15 05:00:19 +00:00: 
2026-06-15 05:00:19 +00:00: Usage: uv [OPTIONS] <COMMAND>
2026-06-15 05:00:19 +00:00: 
2026-06-15 05:00:19 +00:00: For more information, try '--help'.
2026-06-15 05:00:24 +00:00: error: unrecognized subcommand '/home/tejas_acharya/.local/bin/uv'
2026-06-15 05:00:24 +00:00: 
2026-06-15 05:00:24 +00:00: Usage: uv [OPTIONS] <COMMAND>
2026-06-15 05:00:24 +00:00: 
2026-06-15 05:00:24 +00:00: For more information, try '--help'.
2026-06-15 05:00:29 +00:00: error: unrecognized subcommand '/home/tejas_acharya/.local/bin/uv'
2026-06-15 05:00:29 +00:00: 
2026-06-15 05:00:29 +00:00: Usage: uv [OPTIONS] <COMMAND>
2026-06-15 05:00:29 +00:00: 
2026-06-15 05:00:29 +00:00: For more information, try '--help'.
2026-06-15 05:00:34 +00:00: error: unrecognized subcommand '/home/tejas_acharya/.local/bin/uv'
2026-06-15 05:00:34 +00:00: 
2026-06-15 05:00:34 +00:00: Usage: uv [OPTIONS] <COMMAND>
2026-06-15 05:00:34 +00:00: 
2026-06-15 05:00:34 +00:00: For more information, try '--help'.
2026-06-15 05:00:39 +00:00: error: unrecognized subcommand '/home/tejas_acharya/.local/bin/uv'
2026-06-15 05:00:39 +00:00: 
2026-06-15 05:00:39 +00:00: Usage: uv [OPTIONS] <COMMAND>
2026-06-15 05:00:39 +00:00: 
2026-06-15 05:00:39 +00:00: For more information, try '--help'.
2026-06-15 05:00:44 +00:00: error: unrecognized subcommand '/home/tejas_acharya/.local/bin/uv'
2026-06-15 05:00:44 +00:00: 
2026-06-15 05:00:44 +00:00: Usage: uv [OPTIONS] <COMMAND>
2026-06-15 05:00:44 +00:00: 
2026-06-15 05:00:44 +00:00: For more information, try '--help'.
2026-06-15 05:00:49 +00:00: error: unrecognized subcommand '/home/tejas_acharya/.local/bin/uv'
2026-06-15 05:00:49 +00:00: 
2026-06-15 05:00:49 +00:00: Usage: uv [OPTIONS] <COMMAND>
2026-06-15 05:00:49 +00:00: 
2026-06-15 05:00:49 +00:00: For more information, try '--help'.
2026-06-15 05:00:54 +00:00: error: unrecognized subcommand '/home/tejas_acharya/.local/bin/uv'
2026-06-15 05:00:54 +00:00: 
2026-06-15 05:00:54 +00:00: Usage: uv [OPTIONS] <COMMAND>
2026-06-15 05:00:54 +00:00: 
2026-06-15 05:00:54 +00:00: For more information, try '--help'.
2026-06-15 05:00:59 +00:00: error: unrecognized subcommand '/home/tejas_acharya/.local/bin/uv'
2026-06-15 05:00:59 +00:00: 
2026-06-15 05:00:59 +00:00: Usage: uv [OPTIONS] <COMMAND>
2026-06-15 05:00:59 +00:00: 
2026-06-15 05:00:59 +00:00: For more information, try '--help'.
2026-06-15 05:01:04 +00:00: error: unrecognized subcommand '/home/tejas_acharya/.local/bin/uv'
2026-06-15 05:01:04 +00:00: 
2026-06-15 05:01:04 +00:00: Usage: uv [OPTIONS] <COMMAND>
2026-06-15 05:01:04 +00:00: 
2026-06-15 05:01:04 +00:00: For more information, try '--help'.
2026-06-15 05:01:09 +00:00: error: unrecognized subcommand '/home/tejas_acharya/.local/bin/uv'
2026-06-15 05:01:09 +00:00: 
2026-06-15 05:01:09 +00:00: Usage: uv [OPTIONS] <COMMAND>
2026-06-15 05:01:09 +00:00: 
2026-06-15 05:01:09 +00:00: For more information, try '--help'.
2026-06-15 05:01:14 +00:00: error: unrecognized subcommand '/home/tejas_acharya/.local/bin/uv'
2026-06-15 05:01:14 +00:00: 
2026-06-15 05:01:14 +00:00: Usage: uv [OPTIONS] <COMMAND>
2026-06-15 05:01:14 +00:00: 
2026-06-15 05:01:14 +00:00: For more information, try '--help'.
2026-06-15 05:01:19 +00:00: error: unrecognized subcommand '/home/tejas_acharya/.local/bin/uv'
2026-06-15 05:01:19 +00:00: 
2026-06-15 05:01:19 +00:00: Usage: uv [OPTIONS] <COMMAND>
2026-06-15 05:01:19 +00:00: 
2026-06-15 05:01:19 +00:00: For more information, try '--help'.
2026-06-15 05:01:24 +00:00: error: unrecognized subcommand '/home/tejas_acharya/.local/bin/uv'
2026-06-15 05:01:24 +00:00: 
2026-06-15 05:01:24 +00:00: Usage: uv [OPTIONS] <COMMAND>
2026-06-15 05:01:24 +00:00: 
2026-06-15 05:01:24 +00:00: For more information, try '--help'.
2026-06-15 05:01:29 +00:00: error: unrecognized subcommand '/home/tejas_acharya/.local/bin/uv'
2026-06-15 05:01:29 +00:00: 
2026-06-15 05:01:29 +00:00: Usage: uv [OPTIONS] <COMMAND>
2026-06-15 05:01:29 +00:00: 
2026-06-15 05:01:29 +00:00: For more information, try '--help'.
2026-06-15 05:01:34 +00:00: error: unrecognized subcommand '/home/tejas_acharya/.local/bin/uv'
2026-06-15 05:01:34 +00:00: 
2026-06-15 05:01:34 +00:00: Usage: uv [OPTIONS] <COMMAND>
2026-06-15 05:01:34 +00:00: 
2026-06-15 05:01:34 +00:00: For more information, try '--help'.
2026-06-15 05:01:39 +00:00: error: unrecognized subcommand '/home/tejas_acharya/.local/bin/uv'
2026-06-15 05:01:39 +00:00: 
2026-06-15 05:01:39 +00:00: Usage: uv [OPTIONS] <COMMAND>
2026-06-15 05:01:39 +00:00: 
2026-06-15 05:01:39 +00:00: For more information, try '--help'.
2026-06-15 05:01:44 +00:00: error: unrecognized subcommand '/home/tejas_acharya/.local/bin/uv'
2026-06-15 05:01:44 +00:00: 
2026-06-15 05:01:44 +00:00: Usage: uv [OPTIONS] <COMMAND>
2026-06-15 05:01:44 +00:00: 
2026-06-15 05:01:44 +00:00: For more information, try '--help'.
2026-06-15 05:01:49 +00:00: error: unrecognized subcommand '/home/tejas_acharya/.local/bin/uv'
2026-06-15 05:01:49 +00:00: 
2026-06-15 05:01:49 +00:00: Usage: uv [OPTIONS] <COMMAND>
2026-06-15 05:01:49 +00:00: 
2026-06-15 05:01:49 +00:00: For more information, try '--help'.
2026-06-15 05:01:54 +00:00: error: unrecognized subcommand '/home/tejas_acharya/.local/bin/uv'
2026-06-15 05:01:54 +00:00: 
2026-06-15 05:01:54 +00:00: Usage: uv [OPTIONS] <COMMAND>
2026-06-15 05:01:54 +00:00: 
2026-06-15 05:01:54 +00:00: For more information, try '--help'.
2026-06-15 05:01:59 +00:00: error: unrecognized subcommand '/home/tejas_acharya/.local/bin/uv'
2026-06-15 05:01:59 +00:00: 
2026-06-15 05:01:59 +00:00: Usage: uv [OPTIONS] <COMMAND>
2026-06-15 05:01:59 +00:00: 
2026-06-15 05:01:59 +00:00: For more information, try '--help'.
2026-06-15 05:02:04 +00:00: error: unrecognized subcommand '/home/tejas_acharya/.local/bin/uv'
2026-06-15 05:02:04 +00:00: 
2026-06-15 05:02:04 +00:00: Usage: uv [OPTIONS] <COMMAND>
2026-06-15 05:02:04 +00:00: 
2026-06-15 05:02:04 +00:00: For more information, try '--help'.
2026-06-15 05:02:09 +00:00: error: unrecognized subcommand '/home/tejas_acharya/.local/bin/uv'
2026-06-15 05:02:09 +00:00: 
2026-06-15 05:02:09 +00:00: Usage: uv [OPTIONS] <COMMAND>
2026-06-15 05:02:09 +00:00: 
2026-06-15 05:02:09 +00:00: For more information, try '--help'.
2026-06-15 05:02:14 +00:00: error: unrecognized subcommand '/home/tejas_acharya/.local/bin/uv'
2026-06-15 05:02:14 +00:00: 
2026-06-15 05:02:14 +00:00: Usage: uv [OPTIONS] <COMMAND>
2026-06-15 05:02:14 +00:00: 
2026-06-15 05:02:14 +00:00: For more information, try '--help'.
2026-06-15 05:02:19 +00:00: error: unrecognized subcommand '/home/tejas_acharya/.local/bin/uv'
2026-06-15 05:02:19 +00:00: 
2026-06-15 05:02:19 +00:00: Usage: uv [OPTIONS] <COMMAND>
2026-06-15 05:02:19 +00:00: 
2026-06-15 05:02:19 +00:00: For more information, try '--help'.
2026-06-15 05:02:24 +00:00: error: unrecognized subcommand '/home/tejas_acharya/.local/bin/uv'
2026-06-15 05:02:24 +00:00: 
2026-06-15 05:02:24 +00:00: Usage: uv [OPTIONS] <COMMAND>
2026-06-15 05:02:24 +00:00: 
2026-06-15 05:02:24 +00:00: For more information, try '--help'.
2026-06-15 05:02:29 +00:00: error: unrecognized subcommand '/home/tejas_acharya/.local/bin/uv'
2026-06-15 05:02:29 +00:00: 
2026-06-15 05:02:29 +00:00: Usage: uv [OPTIONS] <COMMAND>
2026-06-15 05:02:29 +00:00: 
2026-06-15 05:02:29 +00:00: For more information, try '--help'.
2026-06-15 05:02:34 +00:00: error: unrecognized subcommand '/home/tejas_acharya/.local/bin/uv'
2026-06-15 05:02:34 +00:00: 
2026-06-15 05:02:34 +00:00: Usage: uv [OPTIONS] <COMMAND>
2026-06-15 05:02:34 +00:00: 
2026-06-15 05:02:34 +00:00: For more information, try '--help'.
2026-06-15 05:02:39 +00:00: error: unrecognized subcommand '/home/tejas_acharya/.local/bin/uv'
2026-06-15 05:02:39 +00:00: 
2026-06-15 05:02:39 +00:00: Usage: uv [OPTIONS] <COMMAND>
2026-06-15 05:02:39 +00:00: 
2026-06-15 05:02:39 +00:00: For more information, try '--help'.
2026-06-15 05:02:44 +00:00: error: unrecognized subcommand '/home/tejas_acharya/.local/bin/uv'
2026-06-15 05:02:44 +00:00: 
2026-06-15 05:02:44 +00:00: Usage: uv [OPTIONS] <COMMAND>
2026-06-15 05:02:44 +00:00: 
2026-06-15 05:02:44 +00:00: For more information, try '--help'.
2026-06-15 05:02:49 +00:00: error: unrecognized subcommand '/home/tejas_acharya/.local/bin/uv'
2026-06-15 05:02:49 +00:00: 
2026-06-15 05:02:49 +00:00: Usage: uv [OPTIONS] <COMMAND>
2026-06-15 05:02:49 +00:00: 
2026-06-15 05:02:49 +00:00: For more information, try '--help'.
2026-06-15 05:02:54 +00:00: error: unrecognized subcommand '/home/tejas_acharya/.local/bin/uv'
2026-06-15 05:02:54 +00:00: 
2026-06-15 05:02:54 +00:00: Usage: uv [OPTIONS] <COMMAND>
2026-06-15 05:02:54 +00:00: 
2026-06-15 05:02:54 +00:00: For more information, try '--help'.
2026-06-15 05:02:59 +00:00: error: unrecognized subcommand '/home/tejas_acharya/.local/bin/uv'
2026-06-15 05:02:59 +00:00: 
2026-06-15 05:02:59 +00:00: Usage: uv [OPTIONS] <COMMAND>
2026-06-15 05:02:59 +00:00: 
2026-06-15 05:02:59 +00:00: For more information, try '--help'.
2026-06-15 05:03:04 +00:00: error: unrecognized subcommand '/home/tejas_acharya/.local/bin/uv'
2026-06-15 05:03:04 +00:00: 
2026-06-15 05:03:04 +00:00: Usage: uv [OPTIONS] <COMMAND>
2026-06-15 05:03:04 +00:00: 
2026-06-15 05:03:04 +00:00: For more information, try '--help'.
2026-06-15 05:03:09 +00:00: error: unrecognized subcommand '/home/tejas_acharya/.local/bin/uv'
2026-06-15 05:03:09 +00:00: 
2026-06-15 05:03:09 +00:00: Usage: uv [OPTIONS] <COMMAND>
2026-06-15 05:03:09 +00:00: 
2026-06-15 05:03:09 +00:00: For more information, try '--help'.
2026-06-15 05:03:14 +00:00: error: unrecognized subcommand '/home/tejas_acharya/.local/bin/uv'
2026-06-15 05:03:14 +00:00: 
2026-06-15 05:03:14 +00:00: Usage: uv [OPTIONS] <COMMAND>
2026-06-15 05:03:14 +00:00: 
2026-06-15 05:03:14 +00:00: For more information, try '--help'.
2026-06-15 05:03:19 +00:00: error: unrecognized subcommand '/home/tejas_acharya/.local/bin/uv'
2026-06-15 05:03:19 +00:00: 
2026-06-15 05:03:19 +00:00: Usage: uv [OPTIONS] <COMMAND>
2026-06-15 05:03:19 +00:00: 
2026-06-15 05:03:19 +00:00: For more information, try '--help'.
2026-06-15 05:03:24 +00:00: error: unrecognized subcommand '/home/tejas_acharya/.local/bin/uv'
2026-06-15 05:03:24 +00:00: 
2026-06-15 05:03:24 +00:00: Usage: uv [OPTIONS] <COMMAND>
2026-06-15 05:03:24 +00:00: 
2026-06-15 05:03:24 +00:00: For more information, try '--help'.
2026-06-15 05:03:29 +00:00: error: unrecognized subcommand '/home/tejas_acharya/.local/bin/uv'
2026-06-15 05:03:29 +00:00: 
2026-06-15 05:03:29 +00:00: Usage: uv [OPTIONS] <COMMAND>
2026-06-15 05:03:29 +00:00: 
2026-06-15 05:03:29 +00:00: For more information, try '--help'.
2026-06-15 05:03:34 +00:00: error: unrecognized subcommand '/home/tejas_acharya/.local/bin/uv'
2026-06-15 05:03:34 +00:00: 
2026-06-15 05:03:34 +00:00: Usage: uv [OPTIONS] <COMMAND>
2026-06-15 05:03:34 +00:00: 
2026-06-15 05:03:34 +00:00: For more information, try '--help'.
2026-06-15 05:03:39 +00:00: error: unrecognized subcommand '/home/tejas_acharya/.local/bin/uv'
2026-06-15 05:03:39 +00:00: 
2026-06-15 05:03:39 +00:00: Usage: uv [OPTIONS] <COMMAND>
2026-06-15 05:03:39 +00:00: 
2026-06-15 05:03:39 +00:00: For more information, try '--help'.
2026-06-15 05:03:44 +00:00: error: unrecognized subcommand '/home/tejas_acharya/.local/bin/uv'
2026-06-15 05:03:44 +00:00: 
2026-06-15 05:03:44 +00:00: Usage: uv [OPTIONS] <COMMAND>
2026-06-15 05:03:44 +00:00: 
2026-06-15 05:03:44 +00:00: For more information, try '--help'.
2026-06-15 05:03:49 +00:00: error: unrecognized subcommand '/home/tejas_acharya/.local/bin/uv'
2026-06-15 05:03:49 +00:00: 
2026-06-15 05:03:49 +00:00: [OPTIONS] <COMMAND>
2026-06-15 05:03:49 +00:00: 
2026-06-15 05:03:49 +00:00: For more information, try '--help'.
2026-06-15 05:03:54 +00:00: error: unrecognized subcommand '/home/tejas_acharya/.local/bin/uv'
2026-06-15 05:03:54 +00:00: 
2026-06-15 05:03:54 +00:00: Usage: uv [OPTIONS] <COMMAND>
2026-06-15 05:03:54 +00:00: 
2026-06-15 05:03:54 +00:00: For more information, try '--help'.
2026-06-15 05:03:59 +00:00: error: unrecognized subcommand '/home/tejas_acharya/.local/bin/uv'
2026-06-15 05:03:59 +00:00: 
2026-06-15 05:03:59 +00:00: Usage: uv [OPTIONS] <COMMAND>
2026-06-15 05:03:59 +00:00: 
2026-06-15 05:03:59 +00:00: For more information, try '--help'.
2026-06-15 05:04:04 +00:00: error: unrecognized subcommand '/home/tejas_acharya/.local/bin/uv'
2026-06-15 05:04:04 +00:00: 
2026-06-15 05:04:04 +00:00: Usage: uv [OPTIONS] <COMMAND>
2026-06-15 05:04:04 +00:00: 
2026-06-15 05:04:04 +00:00: For more information, try '--help'.
2026-06-15 05:04:09 +00:00: error: unrecognized subcommand '/home/tejas_acharya/.local/bin/uv'
2026-06-15 05:04:09 +00:00: 
2026-06-15 05:04:09 +00:00: Usage: uv [OPTIONS] <COMMAND>
2026-06-15 05:04:09 +00:00: 
2026-06-15 05:04:09 +00:00: For more information, try '--help'.
2026-06-15 05:04:14 +00:00: error: unrecognized subcommand '/home/tejas_acharya/.local/bin/uv'
2026-06-15 05:04:14 +00:00: 
2026-06-15 05:04:14 +00:00: Usage: uv [OPTIONS] <COMMAND>
2026-06-15 05:04:14 +00:00: 
2026-06-15 05:04:14 +00:00: For more information, try '--help'.
2026-06-15 05:04:19 +00:00: error: unrecognized subcommand '/home/tejas_acharya/.local/bin/uv'
2026-06-15 05:04:19 +00:00: 
2026-06-15 05:04:19 +00:00: Usage: uv [OPTIONS] <COMMAND>
2026-06-15 05:04:19 +00:00: 
2026-06-15 05:04:19 +00:00: For more information, try '--help'.
2026-06-15 05:04:25 +00:00: error: unrecognized subcommand '/home/tejas_acharya/.local/bin/uv'
2026-06-15 05:04:25 +00:00: 
2026-06-15 05:04:25 +00:00: Usage: uv [OPTIONS] <COMMAND>
2026-06-15 05:04:25 +00:00: 
2026-06-15 05:04:25 +00:00: For more information, try '--help'.
2026-06-15 05:04:30 +00:00: error: unrecognized subcommand '/home/tejas_acharya/.local/bin/uv'
2026-06-15 05:04:30 +00:00: 
2026-06-15 05:04:30 +00:00: Usage: uv [OPTIONS] <COMMAND>
2026-06-15 05:04:30 +00:00: 
2026-06-15 05:04:30 +00:00: For more information, try '--help'.
